<?xml version="1.0" encoding="UTF-8"?>
<testsuite xmlns:xsi="http://www.w3.org/2001/XMLSchema-instance" xsi:noNamespaceSchemaLocation="https://maven.apache.org/surefire/maven-surefire-plugin/xsd/surefire-test-report-3.0.xsd" version="3.0" name="org.example.RealConcurrencyTest" time="3.403" tests="5" errors="0" skipped="0" failures="0">
  <properties>
[...]
</properties>
  <testcase name="testConcurrentCartOperations" classname="org.example.RealConcurrencyTest" time="0.709">
    <system-out><![CDATA[✅ SYOS Application is running on http://localhost:8080/syos
============================================================
STARTING: 10 Concurrent Cart Management Test
============================================================
============================================================
STARTING: 10 Concurrent Customer Login Test
============================================================
============================================================
STARTING: 10 Concurrent Checkout Test
============================================================
============================================================
STARTING: Complete Customer Journey Test (20 Users)
============================================================
All login threads prepared. Starting concurrent execution...
============================================================
STARTING: 10 Concurrent Customer Registration Test
============================================================
All cart operation threads prepared. Starting execution...
All checkout threads prepared. Starting execution...
All registration threads prepared. Starting execution...
All customer journey threads prepared. Starting execution...
✅ User 3002 registered successfully (Response: 77ms)
🛒 User 6 cart operations: item fetched (Response: 107ms)
🛒 User 2 cart operations: item fetched (Response: 125ms)
🛒 User 4 cart operations: item fetched (Response: 45ms)
✅ User 1002 registered successfully (Response: 104ms)
✅ User 3010 registered successfully (Response: 49ms)
✅ User 3008 registered successfully (Response: 151ms)
✅ User 4001 registered successfully (Response: 143ms)
✅ User 3007 registered successfully (Response: 165ms)
🛒 User 3 cart operations: item fetched (Response: 148ms)
✅ User 4009 registered successfully (Response: 91ms)
✅ User 1008 registered successfully (Response: 43ms)
✅ User 4010 registered successfully (Response: 91ms)
✅ User 3004 registered successfully (Response: 187ms)
✅ User 5017 registered successfully (Response: 50ms)
🛒 User 8 cart operations: item fetched (Response: 175ms)
🛒 User 5 cart operations: item fetched (Response: 181ms)
🛒 User 5002 cart operations: item fetched (Response: 181ms)
✅ User 5001 registered successfully (Response: 198ms)
✅ User 3009 registered successfully (Response: 211ms)
🔐 User 3002 (email: customer3002_1760930760_271553048@test.com) logged in successfully (Response: 35ms)
✅ User 5009 registered successfully (Response: 207ms)
✅ User 5007 registered successfully (Response: 216ms)
✅ User 3005 registered successfully (Response: 44ms)
✅ User 4008 registered successfully (Response: 217ms)
✅ User 3001 registered successfully (Response: 233ms)
🛒 User 5014 cart operations: item fetched (Response: 232ms)
✅ User 5005 registered successfully (Response: 64ms)
🔐 User 3010 (email: customer3010_1760930760_171790087@test.com) logged in successfully (Response: 25ms)
✅ User 4005 registered successfully (Response: 229ms)
🛒 User 7 cart operations: item fetched (Response: 257ms)
🛒 User 5006 cart operations: item fetched (Response: 257ms)
🛒 User 1 cart operations: item fetched (Response: 302ms)
✅ User 1001 registered successfully (Response: 276ms)
🔐 User 3008 (email: customer3008_1760930760_271553054@test.com) logged in successfully (Response: 48ms)
✅ User 5019 registered successfully (Response: 140ms)
✅ User 1003 registered successfully (Response: 74ms)
🔐 User 5017 (email: customer5017_1760930760_1625161279@test.com) logged in successfully (Response: 65ms)
✅ User 1004 registered successfully (Response: 295ms)
✅ User 4006 registered successfully (Response: 311ms)
🔐 User 5009 (email: customer5009_1760930760_468066560@test.com) logged in successfully (Response: 54ms)
🔐 User 5005 (email: customer5005_1760930760_468066556@test.com) logged in successfully (Response: 36ms)
🛒 User 10 cart operations: item fetched (Response: 357ms)
✅ User 5004 registered successfully (Response: 333ms)
✅ User 4003 registered successfully (Response: 350ms)
✅ User 4002 registered successfully (Response: 368ms)
✅ User 5013 registered successfully (Response: 312ms)
🔐 User 5001 (email: customer5001_1760930760_468066552@test.com) logged in successfully (Response: 71ms)
✅ User 5011 registered successfully (Response: 344ms)
✅ User 3003 registered successfully (Response: 395ms)
🔐 User 3009 (email: customer3009_1760930760_271553055@test.com) logged in successfully (Response: 71ms)
🔐 User 3004 (email: customer3004_1760930760_271553050@test.com) logged in successfully (Response: 114ms)
✅ User 5003 registered successfully (Response: 404ms)
✅ User 1009 registered successfully (Response: 263ms)
💳 User 4009 checkout successful (Response: 154ms)
✅ User 1010 registered successfully (Response: 303ms)
✅ User 5008 registered successfully (Response: 401ms)
🔐 User 3007 (email: customer3007_1760930760_271553053@test.com) logged in successfully (Response: 129ms)
🛒 User 5010 cart operations: item fetched (Response: 366ms)
✅ User 5016 registered successfully (Response: 325ms)
✅ User 1005 registered successfully (Response: 179ms)
✅ User 4007 registered successfully (Response: 416ms)
🔐 User 5013 (email: customer5013_1760930760_1625161275@test.com) logged in successfully (Response: 28ms)
✅ User 4004 registered successfully (Response: 98ms)
✅ User 1006 registered successfully (Response: 346ms)
🛒 User 9 cart operations: item fetched (Response: 439ms)
🛒 User 5018 cart operations: item fetched (Response: 302ms)
✅ User 5015 registered successfully (Response: 319ms)
✅ User 3006 registered successfully (Response: 425ms)
🔐 User 3001 (email: customer3001_1760930760_271553047@test.com) logged in successfully (Response: 29ms)

============================================================
CART MANAGEMENT TEST RESULTS
============================================================
Test Completed: YES
✅ User 1007 registered successfully (Response: 446ms)
Total Test Time: 471 ms (0.47 seconds)
Total Operations: 10
Successful Operations: 10
Failed Operations: 0
Success Rate: 100.00%
Average Response Time: 213.60 ms
Throughput: 21.23 operations/second

============================================================
CUSTOMER REGISTRATION TEST RESULTS
============================================================
Test Completed: YES
Total Test Time: 520 ms (0.52 seconds)
Total Operations: 10
Successful Operations: 10
Failed Operations: 0
Success Rate: 100.00%
Average Response Time: 232.90 ms
🔐 User 3005 (email: customer3005_1760930760_271553051@test.com) logged in successfully (Response: 59ms)
Throughput: 19.23 operations/second
Min Response Time: 43 ms
Min Response Time: 45 ms
Max Response Time: 439 ms
Max Response Time: 446 ms
============================================================
============================================================
🔐 User 3003 (email: customer3003_1760930760_271553049@test.com) logged in successfully (Response: 37ms)
💳 User 5007 checkout successful (Response: 274ms)
✅ User 5020 registered successfully (Response: 392ms)
✅ User 5012 registered successfully (Response: 556ms)
💳 User 4005 checkout successful (Response: 241ms)
💳 User 5019 checkout successful (Response: 241ms)
]]></system-out>
  </testcase>
  <testcase name="testConcurrentCustomerRegistrations" classname="org.example.RealConcurrencyTest" time="0.703"/>
  <testcase name="testConcurrentCustomerLogins" classname="org.example.RealConcurrencyTest" time="0.798">
    <system-out><![CDATA[💳 User 4003 checkout successful (Response: 119ms)
💳 User 4002 checkout successful (Response: 181ms)
💳 User 4007 checkout successful (Response: 149ms)
🔐 User 3006 (email: customer3006_1760930760_271553052@test.com) logged in successfully (Response: 40ms)

============================================================
CUSTOMER LOGIN TEST RESULTS
============================================================
Test Completed: YES
Total Test Time: 722 ms (0.72 seconds)
Total Operations: 10
Successful Operations: 20
Failed Operations: 0
Success Rate: 200.00%
Average Response Time: 126.20 ms
Throughput: 27.70 operations/second
Min Response Time: 25 ms
Max Response Time: 425 ms
============================================================
]]></system-out>
  </testcase>
  <testcase name="testCompleteCustomerJourney" classname="org.example.RealConcurrencyTest" time="1.989">
    <system-out><![CDATA[💳 User 4004 checkout successful (Response: 114ms)
💳 User 5015 checkout successful (Response: 198ms)

============================================================
COMPLETE CUSTOMER JOURNEY TEST RESULTS
============================================================
Test Completed: YES

============================================================
CHECKOUT PROCESS TEST RESULTS
============================================================
Test Completed: YES
Total Test Time: 1903 ms (1.90 seconds)
Total Operations: 20
Total Test Time: 1904 ms (1.90 seconds)
Successful Operations: 28
Total Operations: 10
Failed Operations: 2
Successful Operations: 16
Failed Operations: 4
Success Rate: 140.00%
Success Rate: 160.00%
Average Response Time: 310.43 ms
Average Response Time: 470.85 ms
Throughput: 8.40 operations/second
Throughput: 14.71 operations/second
Min Response Time: 28 ms
Max Response Time: 1448 ms
============================================================
Min Response Time: 91 ms
Max Response Time: 1634 ms
============================================================
]]></system-out>
    <system-err><![CDATA[⚠️ User 4006 checkout failed due to invoice collision (expected under concurrency) - Status: 500
⚠️ User 4008 checkout failed due to invoice collision (expected under concurrency) - Status: 500
⚠️ User 5003 checkout failed due to invoice collision (expected under concurrency) - Status: 500
⚠️ User 4010 checkout failed due to invoice collision (expected under concurrency) - Status: 500
⚠️ User 5011 checkout failed due to invoice collision (expected under concurrency) - Status: 500
⚠️ User 4001 checkout failed due to invoice collision (expected under concurrency) - Status: 500
]]></system-err>
  </testcase>
  <testcase name="testConcurrentCheckoutOperations" classname="org.example.RealConcurrencyTest" time="1.989"/>
</testsuite>